[27-Dec-2021 04:23:19 UTC] PHP Parse error:  syntax error, unexpected end of file in C:\Users\blueg\Local Sites\tea-break\app\public\wp-content\themes\mytheme\functions.php on line 3
[30-Dec-2021 05:17:17 UTC] PHP Warning:  An unexpected error occurred. Something may be wrong with WordPress.org or this server&#8217;s configuration. If you continue to have problems, please try the <a href="https://wordpress.org/support/forums/">support forums</a>. (WordPress could not establish a secure connection to WordPress.org. Please contact your server administrator.) in C:\Users\blueg\Local Sites\tea-break\app\public\wp-admin\includes\translation-install.php on line 68
[30-Dec-2021 05:17:17 UTC] PHP Stack trace:
[30-Dec-2021 05:17:17 UTC] PHP   1. {main}() C:\Users\blueg\Local Sites\tea-break\app\public\wp-admin\options-general.php:0
[30-Dec-2021 05:17:17 UTC] PHP   2. wp_get_available_translations() C:\Users\blueg\Local Sites\tea-break\app\public\wp-admin\options-general.php:159
[30-Dec-2021 05:17:17 UTC] PHP   3. translations_api() C:\Users\blueg\Local Sites\tea-break\app\public\wp-admin\includes\translation-install.php:133
[30-Dec-2021 05:17:17 UTC] PHP   4. trigger_error() C:\Users\blueg\Local Sites\tea-break\app\public\wp-admin\includes\translation-install.php:68
[30-Dec-2021 05:38:03 UTC] PHP Warning:  An unexpected error occurred. Something may be wrong with WordPress.org or this server&#8217;s configuration. If you continue to have problems, please try the <a href="https://wordpress.org/support/forums/">support forums</a>. (WordPress could not establish a secure connection to WordPress.org. Please contact your server administrator.) in C:\Users\blueg\Local Sites\tea-break\app\public\wp-admin\includes\plugin-install.php on line 183
[30-Dec-2021 05:38:03 UTC] PHP Stack trace:
[30-Dec-2021 05:38:03 UTC] PHP   1. {main}() C:\Users\blueg\Local Sites\tea-break\app\public\wp-admin\plugin-install.php:0
[30-Dec-2021 05:38:04 UTC] PHP   2. do_action() C:\Users\blueg\Local Sites\tea-break\app\public\wp-admin\plugin-install.php:173
[30-Dec-2021 05:38:04 UTC] PHP   3. WP_Hook->do_action() C:\Users\blueg\Local Sites\tea-break\app\public\wp-includes\plugin.php:470
[30-Dec-2021 05:38:04 UTC] PHP   4. WP_Hook->apply_filters() C:\Users\blueg\Local Sites\tea-break\app\public\wp-includes\class-wp-hook.php:327
[30-Dec-2021 05:38:04 UTC] PHP   5. install_dashboard() C:\Users\blueg\Local Sites\tea-break\app\public\wp-includes\class-wp-hook.php:303
[30-Dec-2021 05:38:04 UTC] PHP   6. install_popular_tags() C:\Users\blueg\Local Sites\tea-break\app\public\wp-admin\includes\plugin-install.php:285
[30-Dec-2021 05:38:04 UTC] PHP   7. plugins_api() C:\Users\blueg\Local Sites\tea-break\app\public\wp-admin\includes\plugin-install.php:252
[30-Dec-2021 05:38:04 UTC] PHP   8. trigger_error() C:\Users\blueg\Local Sites\tea-break\app\public\wp-admin\includes\plugin-install.php:183
[30-Dec-2021 05:40:14 UTC] PHP Warning:  An unexpected error occurred. Something may be wrong with WordPress.org or this server&#8217;s configuration. If you continue to have problems, please try the <a href="https://wordpress.org/support/forums/">support forums</a>. (WordPress could not establish a secure connection to WordPress.org. Please contact your server administrator.) in C:\Users\blueg\Local Sites\tea-break\app\public\wp-admin\includes\plugin-install.php on line 183
[30-Dec-2021 05:40:14 UTC] PHP Stack trace:
[30-Dec-2021 05:40:14 UTC] PHP   1. {main}() C:\Users\blueg\Local Sites\tea-break\app\public\wp-admin\plugin-install.php:0
[30-Dec-2021 05:40:14 UTC] PHP   2. do_action() C:\Users\blueg\Local Sites\tea-break\app\public\wp-admin\plugin-install.php:173
[30-Dec-2021 05:40:14 UTC] PHP   3. WP_Hook->do_action() C:\Users\blueg\Local Sites\tea-break\app\public\wp-includes\plugin.php:470
[30-Dec-2021 05:40:14 UTC] PHP   4. WP_Hook->apply_filters() C:\Users\blueg\Local Sites\tea-break\app\public\wp-includes\class-wp-hook.php:327
[30-Dec-2021 05:40:14 UTC] PHP   5. install_dashboard() C:\Users\blueg\Local Sites\tea-break\app\public\wp-includes\class-wp-hook.php:303
[30-Dec-2021 05:40:14 UTC] PHP   6. install_popular_tags() C:\Users\blueg\Local Sites\tea-break\app\public\wp-admin\includes\plugin-install.php:285
[30-Dec-2021 05:40:14 UTC] PHP   7. plugins_api() C:\Users\blueg\Local Sites\tea-break\app\public\wp-admin\includes\plugin-install.php:252
[30-Dec-2021 05:40:14 UTC] PHP   8. trigger_error() C:\Users\blueg\Local Sites\tea-break\app\public\wp-admin\includes\plugin-install.php:183
[30-Dec-2021 05:41:08 UTC] PHP Warning:  An unexpected error occurred. Something may be wrong with WordPress.org or this server&#8217;s configuration. If you continue to have problems, please try the <a href="https://wordpress.org/support/forums/">support forums</a>. (WordPress could not establish a secure connection to WordPress.org. Please contact your server administrator.) in C:\Users\blueg\Local Sites\tea-break\app\public\wp-includes\update.php on line 175
[30-Dec-2021 05:41:08 UTC] PHP Stack trace:
[30-Dec-2021 05:41:08 UTC] PHP   1. {main}() C:\Users\blueg\Local Sites\tea-break\app\public\wp-admin\update.php:0
[30-Dec-2021 05:41:08 UTC] PHP   2. Plugin_Upgrader->install() C:\Users\blueg\Local Sites\tea-break\app\public\wp-admin\update.php:171
[30-Dec-2021 05:41:08 UTC] PHP   3. Plugin_Upgrader->run() C:\Users\blueg\Local Sites\tea-break\app\public\wp-admin\includes\class-plugin-upgrader.php:137
[30-Dec-2021 05:41:08 UTC] PHP   4. do_action() C:\Users\blueg\Local Sites\tea-break\app\public\wp-admin\includes\class-wp-upgrader.php:857
[30-Dec-2021 05:41:08 UTC] PHP   5. WP_Hook->do_action() C:\Users\blueg\Local Sites\tea-break\app\public\wp-includes\plugin.php:470
[30-Dec-2021 05:41:08 UTC] PHP   6. WP_Hook->apply_filters() C:\Users\blueg\Local Sites\tea-break\app\public\wp-includes\class-wp-hook.php:327
[30-Dec-2021 05:41:08 UTC] PHP   7. wp_version_check() C:\Users\blueg\Local Sites\tea-break\app\public\wp-includes\class-wp-hook.php:301
[30-Dec-2021 05:41:08 UTC] PHP   8. trigger_error() C:\Users\blueg\Local Sites\tea-break\app\public\wp-includes\update.php:175
[30-Dec-2021 05:41:08 UTC] PHP Warning:  An unexpected error occurred. Something may be wrong with WordPress.org or this server&#8217;s configuration. If you continue to have problems, please try the <a href="https://wordpress.org/support/forums/">support forums</a>. (WordPress could not establish a secure connection to WordPress.org. Please contact your server administrator.) in C:\Users\blueg\Local Sites\tea-break\app\public\wp-includes\update.php on line 413
[30-Dec-2021 05:41:08 UTC] PHP Stack trace:
[30-Dec-2021 05:41:08 UTC] PHP   1. {main}() C:\Users\blueg\Local Sites\tea-break\app\public\wp-admin\update.php:0
[30-Dec-2021 05:41:08 UTC] PHP   2. Plugin_Upgrader->install() C:\Users\blueg\Local Sites\tea-break\app\public\wp-admin\update.php:171
[30-Dec-2021 05:41:08 UTC] PHP   3. Plugin_Upgrader->run() C:\Users\blueg\Local Sites\tea-break\app\public\wp-admin\includes\class-plugin-upgrader.php:137
[30-Dec-2021 05:41:08 UTC] PHP   4. do_action() C:\Users\blueg\Local Sites\tea-break\app\public\wp-admin\includes\class-wp-upgrader.php:857
[30-Dec-2021 05:41:08 UTC] PHP   5. WP_Hook->do_action() C:\Users\blueg\Local Sites\tea-break\app\public\wp-includes\plugin.php:470
[30-Dec-2021 05:41:08 UTC] PHP   6. WP_Hook->apply_filters() C:\Users\blueg\Local Sites\tea-break\app\public\wp-includes\class-wp-hook.php:327
[30-Dec-2021 05:41:08 UTC] PHP   7. wp_update_plugins() C:\Users\blueg\Local Sites\tea-break\app\public\wp-includes\class-wp-hook.php:301
[30-Dec-2021 05:41:08 UTC] PHP   8. trigger_error() C:\Users\blueg\Local Sites\tea-break\app\public\wp-includes\update.php:413
[30-Dec-2021 05:41:08 UTC] PHP Warning:  An unexpected error occurred. Something may be wrong with WordPress.org or this server&#8217;s configuration. If you continue to have problems, please try the <a href="https://wordpress.org/support/forums/">support forums</a>. (WordPress could not establish a secure connection to WordPress.org. Please contact your server administrator.) in C:\Users\blueg\Local Sites\tea-break\app\public\wp-includes\update.php on line 693
[30-Dec-2021 05:41:08 UTC] PHP Stack trace:
[30-Dec-2021 05:41:08 UTC] PHP   1. {main}() C:\Users\blueg\Local Sites\tea-break\app\public\wp-admin\update.php:0
[30-Dec-2021 05:41:08 UTC] PHP   2. Plugin_Upgrader->install() C:\Users\blueg\Local Sites\tea-break\app\public\wp-admin\update.php:171
[30-Dec-2021 05:41:08 UTC] PHP   3. Plugin_Upgrader->run() C:\Users\blueg\Local Sites\tea-break\app\public\wp-admin\includes\class-plugin-upgrader.php:137
[30-Dec-2021 05:41:08 UTC] PHP   4. do_action() C:\Users\blueg\Local Sites\tea-break\app\public\wp-admin\includes\class-wp-upgrader.php:857
[30-Dec-2021 05:41:08 UTC] PHP   5. WP_Hook->do_action() C:\Users\blueg\Local Sites\tea-break\app\public\wp-includes\plugin.php:470
[30-Dec-2021 05:41:08 UTC] PHP   6. WP_Hook->apply_filters() C:\Users\blueg\Local Sites\tea-break\app\public\wp-includes\class-wp-hook.php:327
[30-Dec-2021 05:41:08 UTC] PHP   7. wp_update_themes() C:\Users\blueg\Local Sites\tea-break\app\public\wp-includes\class-wp-hook.php:301
[30-Dec-2021 05:41:08 UTC] PHP   8. trigger_error() C:\Users\blueg\Local Sites\tea-break\app\public\wp-includes\update.php:693
[30-Dec-2021 06:32:25 UTC] PHP Warning:  An unexpected error occurred. Something may be wrong with WordPress.org or this server&#8217;s configuration. If you continue to have problems, please try the <a href="https://wordpress.org/support/forums/">support forums</a>. (WordPress could not establish a secure connection to WordPress.org. Please contact your server administrator.) in C:\Users\blueg\Local Sites\tea-break\app\public\wp-admin\includes\translation-install.php on line 68
[30-Dec-2021 06:32:25 UTC] PHP Stack trace:
[30-Dec-2021 06:32:25 UTC] PHP   1. {main}() C:\Users\blueg\Local Sites\tea-break\app\public\wp-admin\options-general.php:0
[30-Dec-2021 06:32:25 UTC] PHP   2. wp_get_available_translations() C:\Users\blueg\Local Sites\tea-break\app\public\wp-admin\options-general.php:159
[30-Dec-2021 06:32:25 UTC] PHP   3. translations_api() C:\Users\blueg\Local Sites\tea-break\app\public\wp-admin\includes\translation-install.php:133
[30-Dec-2021 06:32:25 UTC] PHP   4. trigger_error() C:\Users\blueg\Local Sites\tea-break\app\public\wp-admin\includes\translation-install.php:68
[30-Dec-2021 06:32:34 UTC] PHP Warning:  An unexpected error occurred. Something may be wrong with WordPress.org or this server&#8217;s configuration. If you continue to have problems, please try the <a href="https://wordpress.org/support/forums/">support forums</a>. (WordPress could not establish a secure connection to WordPress.org. Please contact your server administrator.) in C:\Users\blueg\Local Sites\tea-break\app\public\wp-admin\includes\translation-install.php on line 68
[30-Dec-2021 06:32:34 UTC] PHP Stack trace:
[30-Dec-2021 06:32:34 UTC] PHP   1. {main}() C:\Users\blueg\Local Sites\tea-break\app\public\wp-admin\options-general.php:0
[30-Dec-2021 06:32:34 UTC] PHP   2. wp_get_available_translations() C:\Users\blueg\Local Sites\tea-break\app\public\wp-admin\options-general.php:159
[30-Dec-2021 06:32:34 UTC] PHP   3. translations_api() C:\Users\blueg\Local Sites\tea-break\app\public\wp-admin\includes\translation-install.php:133
[30-Dec-2021 06:32:34 UTC] PHP   4. trigger_error() C:\Users\blueg\Local Sites\tea-break\app\public\wp-admin\includes\translation-install.php:68
[30-Dec-2021 07:00:53 UTC] PHP Warning:  An unexpected error occurred. Something may be wrong with WordPress.org or this server&#8217;s configuration. If you continue to have problems, please try the <a href="https://wordpress.org/support/forums/">support forums</a>. (WordPress could not establish a secure connection to WordPress.org. Please contact your server administrator.) in C:\Users\blueg\Local Sites\tea-break\app\public\wp-admin\includes\translation-install.php on line 68
[30-Dec-2021 07:00:53 UTC] PHP Stack trace:
[30-Dec-2021 07:00:53 UTC] PHP   1. {main}() C:\Users\blueg\Local Sites\tea-break\app\public\wp-admin\options-general.php:0
[30-Dec-2021 07:00:53 UTC] PHP   2. wp_get_available_translations() C:\Users\blueg\Local Sites\tea-break\app\public\wp-admin\options-general.php:159
[30-Dec-2021 07:00:53 UTC] PHP   3. translations_api() C:\Users\blueg\Local Sites\tea-break\app\public\wp-admin\includes\translation-install.php:133
[30-Dec-2021 07:00:53 UTC] PHP   4. trigger_error() C:\Users\blueg\Local Sites\tea-break\app\public\wp-admin\includes\translation-install.php:68
